<?xml version="1.0" encoding="UTF-8"?>
<testng-results total="1" passed="1" failed="0" skipped="0">
  <reporter-output>
  </reporter-output>
  <suite started-at="2021-08-08T07:58:24Z" name="Suite" finished-at="2021-08-08T07:58:53Z" duration-ms="29047">
    <groups>
      <group name="cucumber">
        <method signature="TestRunner.feature(cucumber.api.testng.CucumberFeatureWrapper)[pri:0, instance:cucumberOptions.TestRunner@27c86f2d]" name="feature" class="cucumberOptions.TestRunner"/>
      </group> <!-- cucumber -->
    </groups>
    <test started-at="2021-08-08T07:58:24Z" name="SmokeTest" finished-at="2021-08-08T07:58:53Z" duration-ms="29047">
      <class name="cucumberOptions.TestRunner">
        <test-method is-config="true" signature="setUpClass()[pri:0, instance:cucumberOptions.TestRunner@27c86f2d]" started-at="2021-08-08T17:58:24Z" name="setUpClass" finished-at="2021-08-08T17:58:24Z" duration-ms="375" status="PASS">
          <reporter-output>
          </reporter-output>
        </test-method> <!-- setUpClass -->
        <test-method signature="feature(cucumber.api.testng.CucumberFeatureWrapper)[pri:0, instance:cucumberOptions.TestRunner@27c86f2d]" started-at="2021-08-08T17:58:24Z" name="feature" description="Runs Cucumber Feature" data-provider="features" finished-at="2021-08-08T17:58:53Z" duration-ms="28494" status="PASS">
          <params>
            <param index="0">
              <value>
                <![CDATA[Application Smoke Test]]>
              </value>
            </param>
          </params>
          <reporter-output>
          </reporter-output>
        </test-method> <!-- feature -->
        <test-method is-config="true" signature="tearDownClass()[pri:0, instance:cucumberOptions.TestRunner@27c86f2d]" started-at="2021-08-08T17:58:53Z" name="tearDownClass" finished-at="2021-08-08T17:58:53Z" duration-ms="10" status="PASS">
          <reporter-output>
          </reporter-output>
        </test-method> <!-- tearDownClass -->
      </class> <!-- cucumberOptions.TestRunner -->
    </test> <!-- SmokeTest -->
  </suite> <!-- Suite -->
</testng-results>
